\BOOKMARK [0][-]{chapter.1}{\376\377\173\054\116\000\172\340\000\040\000\040\137\025\213\272}{}% 1
\BOOKMARK [1][-]{section.1.1}{\376\377\0001\000.\0001\000\040\116\300\116\110\146\057\144\315\117\134\174\373\176\337}{chapter.1}% 2
\BOOKMARK [2][-]{subsection.1.1.1}{\376\377\0001\000.\0001\000.\0001\000\040\144\315\117\134\174\373\176\337\117\134\116\072\116\000\123\360\142\151\134\125\166\204\147\072\126\150}{section.1.1}% 3
\BOOKMARK [2][-]{subsection.1.1.2}{\376\377\0001\000.\0001\000.\0002\000\040\117\134\116\072\215\104\156\220\173\241\164\006\200\005\166\204\144\315\117\134\174\373\176\337}{section.1.1}% 4
\BOOKMARK [1][-]{section.1.2}{\376\377\0001\000.\0002\000\040\144\315\117\134\174\373\176\337\123\206\123\362}{chapter.1}% 5
\BOOKMARK [2][-]{subsection.1.2.1}{\376\377\0001\000.\0002\000.\0001\000\040\173\054\116\000\116\343\000\050\0001\0009\0004\0005\000-\0005\0005\000\051\167\037\172\172\173\241}{section.1.2}% 6
\BOOKMARK [2][-]{subsection.1.2.2}{\376\377\0001\000.\0002\000.\0002\000\040\173\054\116\214\116\343\000\050\0001\0009\0005\0005\000-\0006\0005\000\051\146\166\117\123\173\241\124\214\142\171\131\004\164\006\174\373\176\337}{section.1.2}% 7
\BOOKMARK [2][-]{subsection.1.2.3}{\376\377\0001\000.\0002\000.\0003\000\040\173\054\116\011\116\343\000\050\0001\0009\0006\0005\000-\0001\0009\0008\0000\000\051\226\306\142\020\165\065\215\357\124\214\131\032\220\123\172\013\136\217\213\276\213\241}{section.1.2}% 8
\BOOKMARK [2][-]{subsection.1.2.4}{\376\377\0001\000.\0002\000.\0004\000\040\173\054\126\333\116\343\000\050\0001\0009\0008\0000\000-\163\260\127\050\000\051\116\052\116\272\213\241\173\227\147\072}{section.1.2}% 9
\BOOKMARK [2][-]{subsection.1.2.5}{\376\377\0001\000.\0002\000.\0005\000\040\173\054\116\224\116\343\000\050\0001\0009\0009\0000\000-\163\260\127\050\000\051\171\373\122\250\213\241\173\227\147\072}{section.1.2}% 10
\BOOKMARK [1][-]{section.1.3}{\376\377\0001\000.\0003\000\040\213\241\173\227\147\072\170\154\116\366\151\202\211\310}{chapter.1}% 11
\BOOKMARK [2][-]{subsection.1.3.1}{\376\377\0001\000.\0003\000.\0001\000\040\116\055\131\056\131\004\164\006\126\150}{section.1.3}% 12
\BOOKMARK [2][-]{subsection.1.3.2}{\376\377\0001\000.\0003\000.\0002\000\040\121\205\133\130}{section.1.3}% 13
\BOOKMARK [2][-]{subsection.1.3.3}{\376\377\0001\000.\0003\000.\0003\000\040\170\301\166\330}{section.1.3}% 14
\BOOKMARK [2][-]{subsection.1.3.4}{\376\377\0001\000.\0003\000.\0004\000\040\000I\000/\000O\213\276\131\007}{section.1.3}% 15
\BOOKMARK [2][-]{subsection.1.3.5}{\376\377\0001\000.\0003\000.\0005\000\040\140\073\176\277}{section.1.3}% 16
\BOOKMARK [2][-]{subsection.1.3.6}{\376\377\0001\000.\0003\000.\0006\000\040\124\057\122\250\165\065\201\021}{section.1.3}% 17
\BOOKMARK [1][-]{section.1.4}{\376\377\0001\000.\0004\000\040\144\315\117\134\174\373\176\337\131\047\211\302\126\355}{chapter.1}% 18
\BOOKMARK [2][-]{subsection.1.4.1}{\376\377\0001\000.\0004\000.\0001\000\040\131\047\127\213\147\072\144\315\117\134\174\373\176\337}{section.1.4}% 19
\BOOKMARK [2][-]{subsection.1.4.2}{\376\377\0001\000.\0004\000.\0002\000\040\147\015\122\241\126\150\144\315\117\134\174\373\176\337}{section.1.4}% 20
\BOOKMARK [2][-]{subsection.1.4.3}{\376\377\0001\000.\0004\000.\0003\000\040\131\032\131\004\164\006\126\150\144\315\117\134\174\373\176\337}{section.1.4}% 21
\BOOKMARK [2][-]{subsection.1.4.4}{\376\377\0001\000.\0004\000.\0004\000\040\116\052\116\272\213\241\173\227\147\072\144\315\117\134\174\373\176\337}{section.1.4}% 22
\BOOKMARK [2][-]{subsection.1.4.5}{\376\377\0001\000.\0004\000.\0005\000\040\142\113\143\001\213\241\173\227\147\072\144\315\117\134\174\373\176\337}{section.1.4}% 23
\BOOKMARK [2][-]{subsection.1.4.6}{\376\377\0001\000.\0004\000.\0006\000\040\135\114\121\145\137\017\144\315\117\134\174\373\176\337}{section.1.4}% 24
\BOOKMARK [2][-]{subsection.1.4.7}{\376\377\0001\000.\0004\000.\0007\000\040\117\040\141\037\126\150\000-\202\202\160\271\144\315\117\134\174\373\176\337}{section.1.4}% 25
\BOOKMARK [2][-]{subsection.1.4.8}{\376\377\0001\000.\0004\000.\0008\000\040\133\236\145\366\144\315\117\134\174\373\176\337}{section.1.4}% 26
\BOOKMARK [2][-]{subsection.1.4.9}{\376\377\0001\000.\0004\000.\0009\000\040\146\172\200\375\123\141\144\315\117\134\174\373\176\337}{section.1.4}% 27
\BOOKMARK [1][-]{section.1.5}{\376\377\0001\000.\0005\000\040\144\315\117\134\174\373\176\337\151\202\137\365}{chapter.1}% 28
\BOOKMARK [2][-]{subsection.1.5.1}{\376\377\0001\000.\0005\000.\0001\000\040\217\333\172\013}{section.1.5}% 29
\BOOKMARK [2][-]{subsection.1.5.2}{\376\377\0001\000.\0005\000.\0002\000\040\127\060\127\100\172\172\225\364}{section.1.5}% 30
\BOOKMARK [2][-]{subsection.1.5.3}{\376\377\0001\000.\0005\000.\0003\000\040\145\207\116\366}{section.1.5}% 31
\BOOKMARK [2][-]{subsection.1.5.4}{\376\377\0001\000.\0005\000.\0004\000\040\217\223\121\145\000/\217\223\121\372}{section.1.5}% 32
\BOOKMARK [2][-]{subsection.1.5.5}{\376\377\0001\000.\0005\000.\0005\000\040\117\335\142\244}{section.1.5}% 33
\BOOKMARK [2][-]{subsection.1.5.6}{\376\377\0001\000.\0005\000.\0006\000\040\000S\000h\000e\000l\000l}{section.1.5}% 34
\BOOKMARK [2][-]{subsection.1.5.7}{\376\377\0001\000.\0005\000.\0007\000\040\200\332\200\316\221\315\157\024\137\213}{section.1.5}% 35
\BOOKMARK [1][-]{section.1.6}{\376\377\0001\000.\0006\000\040\174\373\176\337\214\003\165\050}{chapter.1}% 36
\BOOKMARK [2][-]{subsection.1.6.1}{\376\377\0001\000.\0006\000.\0001\000\040\217\333\172\013\173\241\164\006\174\373\176\337\214\003\165\050}{section.1.6}% 37
\BOOKMARK [2][-]{subsection.1.6.2}{\376\377\0001\000.\0006\000.\0002\000\040\145\207\116\366\173\241\164\006\166\204\174\373\176\337\214\003\165\050}{section.1.6}% 38
\BOOKMARK [2][-]{subsection.1.6.3}{\376\377\0001\000.\0006\000.\0003\000\040\166\356\137\125\173\241\164\006\166\204\174\373\176\337\214\003\165\050}{section.1.6}% 39
\BOOKMARK [2][-]{subsection.1.6.4}{\376\377\0001\000.\0006\000.\0004\000\040\124\004\171\315\174\373\176\337\214\003\165\050}{section.1.6}% 40
\BOOKMARK [2][-]{subsection.1.6.5}{\376\377\0001\000.\0006\000.\0005\000\040\000W\000i\000n\000d\000o\000w\000s\060\000\000W\000i\000n\0003\0002\000\040\000A\000P\000I}{section.1.6}% 41
\BOOKMARK [1][-]{section.1.7}{\376\377\0001\000.\0007\000\040\144\315\117\134\174\373\176\337\176\323\147\204}{chapter.1}% 42
\BOOKMARK [2][-]{subsection.1.7.1}{\376\377\0001\000.\0007\000.\0001\000\040\123\125\117\123\174\373\176\337}{section.1.7}% 43
\BOOKMARK [2][-]{subsection.1.7.2}{\376\377\0001\000.\0007\000.\0002\000\040\122\006\134\102\174\373\176\337}{section.1.7}% 44
\BOOKMARK [2][-]{subsection.1.7.3}{\376\377\0001\000.\0007\000.\0003\000\040\137\256\121\205\150\070}{section.1.7}% 45
\BOOKMARK [2][-]{subsection.1.7.4}{\376\377\0001\000.\0007\000.\0004\000\040\133\242\142\067\172\357\000-\147\015\122\241\126\150\152\041\137\017}{section.1.7}% 46
\BOOKMARK [2][-]{subsection.1.7.5}{\376\377\0001\000.\0007\000.\0005\000\040\206\132\142\337\147\072}{section.1.7}% 47
\BOOKMARK [1][-]{section.1.8}{\376\377\0001\000.\0008\000\040\206\132\142\337\147\072\166\204\121\215\153\041\123\321\163\260}{chapter.1}% 48
\BOOKMARK [2][-]{subsection.1.8.1}{\376\377\0001\000.\0008\000.\0001\000\040\131\026\150\070}{section.1.8}% 49
\BOOKMARK [1][-]{section.1.9}{\376\377\0001\000.\0009\000\040\117\235\227\140\000C\213\355\212\000\166\204\116\026\165\114}{chapter.1}% 50
\BOOKMARK [2][-]{subsection.1.9.1}{\376\377\0001\000.\0009\000.\0001\000\040\000C\213\355\212\000}{section.1.9}% 51
\BOOKMARK [2][-]{subsection.1.9.2}{\376\377\0001\000.\0009\000.\0002\000\040\131\064\145\207\116\366}{section.1.9}% 52
\BOOKMARK [2][-]{subsection.1.9.3}{\376\377\0001\000.\0009\000.\0003\000\040\131\047\127\213\177\026\172\013\230\171\166\356}{section.1.9}% 53
\BOOKMARK [2][-]{subsection.1.9.4}{\376\377\0001\000.\0009\000.\0004\000\040\217\320\210\114\145\366\152\041\127\213}{section.1.9}% 54
\BOOKMARK [1][-]{section.1.10}{\376\377\0001\000.\0001\0000\000\040\144\315\117\134\174\373\176\337\166\204\170\024\172\166}{chapter.1}% 55
\BOOKMARK [1][-]{section.1.11}{\376\377\0001\000.\0001\0001\000\040\147\054\116\146\122\151\117\131\220\350\122\006\166\204\176\323\147\204}{chapter.1}% 56
\BOOKMARK [1][-]{section.1.12}{\376\377\0001\000.\0001\0002\000\040\121\154\122\066\123\125\117\115}{chapter.1}% 57
\BOOKMARK [1][-]{section.1.13}{\376\377\0001\000.\0001\0003\000\040\140\073\176\323}{chapter.1}% 58
\BOOKMARK [0][-]{chapter.2}{\376\377\173\054\116\214\172\340\000\040\000\040\217\333\172\013\116\016\176\277\172\013}{}% 59
\BOOKMARK [1][-]{section.2.1}{\376\377\0002\000.\0001\000\040\217\333\172\013}{chapter.2}% 60
\BOOKMARK [2][-]{subsection.2.1.1}{\376\377\0002\000.\0001\000.\0001\000\040\217\333\172\013\152\041\127\213}{section.2.1}% 61
\BOOKMARK [2][-]{subsection.2.1.2}{\376\377\0002\000.\0001\000.\0002\000\040\217\333\172\013\122\033\136\372}{section.2.1}% 62
\BOOKMARK [2][-]{subsection.2.1.3}{\376\377\0002\000.\0001\000.\0003\000\040\217\333\172\013\176\310\153\142}{section.2.1}% 63
\BOOKMARK [2][-]{subsection.2.1.4}{\376\377\0002\000.\0001\000.\0004\000\040\217\333\172\013\134\102\153\041}{section.2.1}% 64
\BOOKMARK [2][-]{subsection.2.1.5}{\376\377\0002\000.\0001\000.\0005\000\040\217\333\172\013\162\266\140\001}{section.2.1}% 65
\BOOKMARK [2][-]{subsection.2.1.6}{\376\377\0002\000.\0001\000.\0006\000\040\217\333\172\013\133\236\163\260}{section.2.1}% 66
\BOOKMARK [1][-]{section.2.2}{\376\377\0002\000.\0002\000\040\176\277\172\013}{chapter.2}% 67
\BOOKMARK [2][-]{subsection.2.2.1}{\376\377\0002\000.\0002\000.\0001\000\040\176\277\172\013\166\204\117\177\165\050}{section.2.2}% 68
\BOOKMARK [2][-]{subsection.2.2.2}{\376\377\0002\000.\0002\000.\0002\000\040\176\317\121\170\166\204\176\277\172\013\152\041\127\213}{section.2.2}% 69
\BOOKMARK [2][-]{subsection.2.2.3}{\376\377\0002\000.\0002\000.\0003\000\040\000P\000O\000S\000I\000X\217\333\172\013}{section.2.2}% 70
\BOOKMARK [2][-]{subsection.2.2.4}{\376\377\0002\000.\0002\000.\0004\000\040\127\050\165\050\142\067\172\172\225\364\133\236\163\260\176\277\172\013}{section.2.2}% 71
\BOOKMARK [2][-]{subsection.2.2.5}{\376\377\0002\000.\0002\000.\0005\000\040\127\050\121\205\150\070\116\055\133\236\163\260\176\277\172\013}{section.2.2}% 72
\BOOKMARK [2][-]{subsection.2.2.6}{\376\377\0002\000.\0002\000.\0006\000\040\155\367\124\010\133\236\163\260}{section.2.2}% 73
\BOOKMARK [2][-]{subsection.2.2.7}{\376\377\0002\000.\0002\000.\0007\000\040\214\003\136\246\126\150\157\300\155\073}{section.2.2}% 74
\BOOKMARK [2][-]{subsection.2.2.8}{\376\377\0002\000.\0002\000.\0008\000\040\137\071\121\372\176\277\172\013}{section.2.2}% 75
\BOOKMARK [2][-]{subsection.2.2.9}{\376\377\0002\000.\0002\000.\0009\000\040\123\125\176\277\172\013\166\204\172\013\136\217\131\032\176\277\172\013\123\026}{section.2.2}% 76
\BOOKMARK [1][-]{section.2.3}{\376\377\0002\000.\0003\000\040\217\333\172\013\225\364\220\032\117\341}{chapter.2}% 77
\BOOKMARK [2][-]{subsection.2.3.1}{\376\377\0002\000.\0003\000.\0001\000\040\172\336\116\211\147\141\116\366}{section.2.3}% 78
\BOOKMARK [2][-]{subsection.2.3.2}{\376\377\0002\000.\0003\000.\0002\000\040\116\064\165\114\123\072}{section.2.3}% 79
\BOOKMARK [2][-]{subsection.2.3.3}{\376\377\0002\000.\0003\000.\0003\000\040\136\046\137\331\173\111\137\205\166\204\116\222\145\245}{section.2.3}% 80
\BOOKMARK [2][-]{subsection.2.3.4}{\376\377\0002\000.\0003\000.\0004\000\040\167\141\167\040\116\016\211\311\221\222}{section.2.3}% 81
\BOOKMARK [2][-]{subsection.2.3.5}{\376\377\0002\000.\0003\000.\0005\000\040\117\341\123\367\221\317}{section.2.3}% 82
\BOOKMARK [2][-]{subsection.2.3.6}{\376\377\0002\000.\0003\000.\0006\000\040\116\222\145\245\221\317}{section.2.3}% 83
